<?xml version="1.0" encoding="utf-8"?><testsuites name="pytest tests"><testsuite name="pytest" errors="0" failures="0" skipped="0" tests="5" time="3.323" timestamp="2026-08-13T03:39:56.118024+00:00" hostname="agent-env-6ab2cc8f-f344-477e-a14e-09630b80d64a"><testcase classname="tests.test_titikjiwa_api" name="test_public_content" time="0.309" /><testcase classname="tests.test_titikjiwa_api" name="test_auth_and_private_journal" time="0.611" /><testcase classname="tests.test_titikjiwa_api" name="test_community_interactions" time="0.308" /><testcase classname="tests.test_titikjiwa_api" name="test_consultation" time="0.099" /><testcase classname="tests.test_titikjiwa_api" name="test_unauthenticated_protection" time="0.221" /></testsuite></testsuites>